\BOOKMARK [0][-]{chapter.1}{Introduction}{}% 1
\BOOKMARK [1][-]{section.1.1}{What Is This?}{chapter.1}% 2
\BOOKMARK [1][-]{section.1.2}{Things Needed To Play}{chapter.1}% 3
\BOOKMARK [1][-]{section.1.3}{A Note About Pronouns}{chapter.1}% 4
\BOOKMARK [1][-]{section.1.4}{The Basics}{chapter.1}% 5
\BOOKMARK [1][-]{section.1.5}{Ability Scores}{chapter.1}% 6
\BOOKMARK [1][-]{section.1.6}{Character Creation}{chapter.1}% 7
\BOOKMARK [0][-]{chapter.2}{Basics}{}% 8
\BOOKMARK [1][-]{section.2.1}{The Basics}{chapter.2}% 9
\BOOKMARK [1][-]{section.2.2}{Ability Scores}{chapter.2}% 10
\BOOKMARK [0][-]{chapter.3}{Character Creation}{}% 11
\BOOKMARK [1][-]{section.3.1}{Generating Your Stats}{chapter.3}% 12
\BOOKMARK [1][-]{section.3.2}{Choose a Race}{chapter.3}% 13
\BOOKMARK [1][-]{section.3.3}{Choose an Alignment}{chapter.3}% 14
\BOOKMARK [1][-]{section.3.4}{Choose a Class}{chapter.3}% 15
\BOOKMARK [1][-]{section.3.5}{Skills}{chapter.3}% 16
\BOOKMARK [1][-]{section.3.6}{Feats}{chapter.3}% 17
\BOOKMARK [1][-]{section.3.7}{Equipment}{chapter.3}% 18
\BOOKMARK [0][-]{chapter.4}{Races}{}% 19
\BOOKMARK [1][-]{section.4.1}{Unusual Races}{chapter.4}% 20
\BOOKMARK [1][-]{section.4.2}{Powerful Races}{chapter.4}% 21
\BOOKMARK [1][-]{section.4.3}{Converting Monsters Into Characters}{chapter.4}% 22
\BOOKMARK [0][-]{chapter.5}{Alignment}{}% 23
\BOOKMARK [1][-]{section.5.1}{Alignment}{chapter.5}% 24
\BOOKMARK [1][-]{section.5.2}{The Morality of Necromancy: Black and Gray}{chapter.5}% 25
\BOOKMARK [0][-]{chapter.6}{Character Base Classes}{}% 26
\BOOKMARK [1][-]{section.6.1}{Core PC Classes}{chapter.6}% 27
\BOOKMARK [1][-]{section.6.2}{Additional PC Classes}{chapter.6}% 28
\BOOKMARK [1][-]{section.6.3}{Monster Base Classes}{chapter.6}% 29
\BOOKMARK [1][-]{section.6.4}{NPC Classes}{chapter.6}% 30
\BOOKMARK [1][-]{section.6.5}{Multiclassing Characters}{chapter.6}% 31
\BOOKMARK [0][-]{chapter.7}{Feats}{}% 32
\BOOKMARK [1][-]{section.7.1}{Character Backgrounds}{chapter.7}% 33
\BOOKMARK [1][-]{section.7.2}{Character Fluff}{chapter.7}% 34
\BOOKMARK [1][-]{section.7.3}{The Failure of Feats}{chapter.7}% 35
\BOOKMARK [1][-]{section.7.4}{[Combat] Feats}{chapter.7}% 36
\BOOKMARK [1][-]{section.7.5}{[Skill] Feats}{chapter.7}% 37
\BOOKMARK [1][-]{section.7.6}{[Celestial] and [Fiend] Feats}{chapter.7}% 38
\BOOKMARK [1][-]{section.7.7}{[Elemental] Feats}{chapter.7}% 39
\BOOKMARK [1][-]{section.7.8}{[Necromantic] Feats}{chapter.7}% 40
\BOOKMARK [1][-]{section.7.9}{[Undead] Feats}{chapter.7}% 41
\BOOKMARK [0][-]{chapter.8}{Prestige Classes}{}% 42
\BOOKMARK [1][-]{section.8.1}{Spellcasting}{chapter.8}% 43
\BOOKMARK [1][-]{section.8.2}{Martial}{chapter.8}% 44
\BOOKMARK [1][-]{section.8.3}{Racial}{chapter.8}% 45
\BOOKMARK [1][-]{section.8.4}{Paragon}{chapter.8}% 46
\BOOKMARK [0][-]{chapter.9}{Money and Equipment}{}% 47
\BOOKMARK [1][-]{section.9.1}{Weapons}{chapter.9}% 48
\BOOKMARK [1][-]{section.9.2}{Armor}{chapter.9}% 49
\BOOKMARK [1][-]{section.9.3}{The Economicon}{chapter.9}% 50
\BOOKMARK [0][-]{chapter.10}{Combat Basics}{}% 51
\BOOKMARK [1][-]{section.10.1}{Forward: A Brief History of Fighting Men}{chapter.10}% 52
\BOOKMARK [1][-]{section.10.2}{War in D\046D}{chapter.10}% 53
\BOOKMARK [1][-]{section.10.3}{How Combat Works}{chapter.10}% 54
\BOOKMARK [1][-]{section.10.4}{Combat Statistics}{chapter.10}% 55
\BOOKMARK [1][-]{section.10.5}{Actions in Combat}{chapter.10}% 56
\BOOKMARK [1][-]{section.10.6}{Miscellaneous Actions}{chapter.10}% 57
\BOOKMARK [1][-]{section.10.7}{Injury and Death}{chapter.10}% 58
\BOOKMARK [1][-]{section.10.8}{Loss of Hitpoints}{chapter.10}% 59
\BOOKMARK [1][-]{section.10.9}{Disabled \(0 Hit Points\)}{chapter.10}% 60
\BOOKMARK [1][-]{section.10.10}{Dying \(\2051 to \2059 Hit Points\)}{chapter.10}% 61
\BOOKMARK [1][-]{section.10.11}{Dead \(\20510 Hit Points or Lower\)}{chapter.10}% 62
\BOOKMARK [1][-]{section.10.12}{Stable Characters and Recovery}{chapter.10}% 63
\BOOKMARK [1][-]{section.10.13}{Healing}{chapter.10}% 64
\BOOKMARK [1][-]{section.10.14}{Temporary Hit Points}{chapter.10}% 65
\BOOKMARK [1][-]{section.10.15}{Nonlethal Damage}{chapter.10}% 66
\BOOKMARK [0][-]{chapter.11}{Advanced Combat}{}% 67
\BOOKMARK [1][-]{section.11.1}{Movement, Position, and Distance}{chapter.11}% 68
\BOOKMARK [1][-]{section.11.2}{Combat Modifiers}{chapter.11}% 69
\BOOKMARK [1][-]{section.11.3}{Special Combat Actions}{chapter.11}% 70
\BOOKMARK [1][-]{section.11.4}{The Mass Combat Mini-game}{chapter.11}% 71
\BOOKMARK [1][-]{section.11.5}{A World At War}{chapter.11}% 72
\BOOKMARK [1][-]{section.11.6}{After the War}{chapter.11}% 73
\BOOKMARK [1][-]{section.11.7}{Logistics and Dragons}{chapter.11}% 74
\BOOKMARK [0][-]{chapter.12}{Conditions \046 Special Abilities}{}% 75
\BOOKMARK [1][-]{section.12.1}{Conditions}{chapter.12}% 76
\BOOKMARK [1][-]{section.12.2}{Special Abilities}{chapter.12}% 77
\BOOKMARK [0][-]{chapter.13}{Magic}{}% 78
\BOOKMARK [1][-]{section.13.1}{The Maginomicon}{chapter.13}% 79
\BOOKMARK [1][-]{section.13.2}{The Necronomicon: Necromatic Spells}{chapter.13}% 80
\BOOKMARK [1][-]{section.13.3}{Fiendish Taint}{chapter.13}% 81
\BOOKMARK [1][-]{section.13.4}{Fiendish Spheres}{chapter.13}% 82
\BOOKMARK [1][-]{section.13.5}{Other Spheres}{chapter.13}% 83
\BOOKMARK [1][-]{section.13.6}{Optional Rules for Fiends}{chapter.13}% 84
\BOOKMARK [0][-]{chapter.14}{Adventuring}{}% 85
\BOOKMARK [1][-]{section.14.1}{The Socialomicon}{chapter.14}% 86
\BOOKMARK [1][-]{section.14.2}{The Thermodynaminomicon}{chapter.14}% 87
\BOOKMARK [1][-]{section.14.3}{The Bionomicon}{chapter.14}% 88
\BOOKMARK [1][-]{section.14.4}{Empirinomicon}{chapter.14}% 89
\BOOKMARK [1][-]{section.14.5}{The Lexiconinomicon}{chapter.14}% 90
\BOOKMARK [1][-]{section.14.6}{High Adventure in the Lower Planes}{chapter.14}% 91
\BOOKMARK [1][-]{section.14.7}{High Adventure in the Elemental Planes}{chapter.14}% 92
\BOOKMARK [1][-]{section.14.8}{To Rule in Hell\203}{chapter.14}% 93
\BOOKMARK [1][-]{section.14.9}{Rulership of the Lower Planes}{chapter.14}% 94
\BOOKMARK [1][-]{section.14.10}{The Constructanomicon}{chapter.14}% 95
\BOOKMARK [1][-]{section.14.11}{Dungeons of Note}{chapter.14}% 96
\BOOKMARK [0][-]{chapter.15}{Monsters}{}% 97
\BOOKMARK [1][-]{section.15.1}{New Rules for Undead}{chapter.15}% 98
\BOOKMARK [1][-]{section.15.2}{Locations of Necromantic Importance}{chapter.15}% 99
\BOOKMARK [1][-]{section.15.3}{Undead Monsters}{chapter.15}% 100
\BOOKMARK [0][-]{appendix.A}{The Book of Gears}{}% 101
\BOOKMARK [1][-]{section.A.1}{Introduction}{appendix.A}% 102
\BOOKMARK [1][-]{section.A.2}{Character Advancement: Power and Wealth}{appendix.A}% 103
\BOOKMARK [1][-]{section.A.3}{Crafting}{appendix.A}% 104
\BOOKMARK [1][-]{section.A.4}{Dangerous Locations: When the Floor has a CR}{appendix.A}% 105
\BOOKMARK [1][-]{section.A.5}{Playing the Game}{appendix.A}% 106
\BOOKMARK [1][-]{section.A.6}{Magic}{appendix.A}% 107
\BOOKMARK [1][-]{section.A.7}{Magic Items}{appendix.A}% 108
\BOOKMARK [1][-]{section.A.8}{Treasure and the World}{appendix.A}% 109
\BOOKMARK [1][-]{section.A.9}{Created Monsters: Forged and Bred}{appendix.A}% 110
\BOOKMARK [0][-]{appendix.B}{Community Material}{}% 111
\BOOKMARK [1][-]{section.B.1}{Skills}{appendix.B}% 112
\BOOKMARK [1][-]{section.B.2}{Credits}{appendix.B}% 113
